[Bootstrap]
SetupTitle=Instalar
SetupText=Copiando archivos, espere.
CabFile=nomina1.CAB
Spawn=Setup1.exe
Uninstal=st6unst.exe
TmpDir=msftqws.pdw
Cabs=2

[Bootstrap Files]
File1=@VB6STKIT.DLL,$(WinSysPathSysFile),,,7/28/98 12:00:00 AM,102912,6.0.81.69
File2=@COMCAT.DLL,$(WinSysPathSysFile),$(DLLSelfRegister),,6/1/98 12:00:00 AM,22288,4.71.1460.1
File3=@VB6ES.DLL,$(WinSysPath),,$(Shared),7/28/98 12:00:00 AM,119568,5.0.81.69
File4=@STDOLE2.TLB,$(WinSysPathSysFile),$(TLBRegister),,3/10/99 5:24:42 PM,17920,2.40.4275.1
File5=@ASYCFILT.DLL,$(WinSysPathSysFile),,,3/10/99 4:40:22 PM,147728,2.40.4275.1
File6=@OLEPRO32.DLL,$(WinSysPathSysFile),$(DLLSelfRegister),,3/10/99 5:24:30 PM,164112,5.0.4275.1
File7=@OLEAUT32.DLL,$(WinSysPathSysFile),$(DLLSelfRegister),,3/10/99 5:24:30 PM,598288,2.40.4275.1
File8=@MSVBVM60.DLL,$(WinSysPathSysFile),$(DLLSelfRegister),,12/9/98 6:28:18 PM,1409024,6.0.82.68

[IconGroups]
Group0=nomina1
PrivateGroup0=Verdadero
Parent0=$(Programs)

[nomina1]
Icon1="nomina1.exe"
Title1=nomina1
StartIn1=$(AppPath)

[Setup]
Title=nomina1
DefaultDir=$(ProgramFiles)\nomina1
AppExe=nomina1.exe
AppToUninstall=nomina1.exe

[Setup1 Files]
File1=@MSCMCES.DLL,$(WinSysPath),,$(Shared),7/28/98 12:00:00 AM,140800,6.0.81.63
File2=@MSCOMCTL.OCX,$(WinSysPath),$(DLLSelfRegister),$(Shared),7/28/98 8:01:54 PM,1062704,6.0.81.77
File3=@CMDLGES.DLL,$(WinSysPath),,$(Shared),7/28/98 12:00:00 AM,33280,6.0.81.63
File4=@ComDlg32.ocx,$(WinSysPath),$(DLLSelfRegister),$(Shared),6/24/98 12:00:00 AM,140096,6.0.81.69
File5=@DBLSTES.DLL,$(WinSysPath),,$(Shared),7/28/98 12:00:00 AM,30720,6.0.81.63
File6=@DBLIST32.OCX,$(WinSysPath),$(DLLSelfRegister),$(Shared),6/24/98 12:00:00 AM,200496,6.0.81.69
File7=@FLXGDES.DLL,$(WinSysPath),,$(Shared),7/28/98 12:00:00 AM,40448,6.0.81.63
File8=@MSFLXGRD.OCX,$(WinSysPath),$(DLLSelfRegister),$(Shared),5/7/99 12:00:00 AM,244232,6.0.84.18
File9=@TABCTES.DLL,$(WinSysPath),,$(Shared),7/28/98 12:00:00 AM,21504,6.0.81.63
File10=@TABCTL32.OCX,$(WinSysPath),$(DLLSelfRegister),$(Shared),6/24/98 12:00:00 AM,209192,6.0.81.69
File11=@nomina1.exe,$(AppPath),,$(Shared),12/13/01 2:13:36 PM,196608,1.0.0.0

; Puede eliminar las siguientes líneas para obtener espacio adicional 
; con el fin de personalizar este archivo en un disco de instalación completa.
; 
; XXXXXXXXXXXXXXXXXXXXXXXXXXXXXXXXXXXXXXXXXXXXXXXXXXXXXXXXXXXX
; XXXXXXXXXXXXXXXXXXXXXXXXXXXXXXXXXXXXXXXXXXXXXXXXXXXXXXXXXXXX
; XXXXXXXXXXXXXXXXXXXXXXXXXXXXXXXXXXXXXXXXXXXXXXXXXXXXXXXXXXXX
; XXXXXXXXXXXXXXXXXXXXXXXXXXXXXXXXXXXXXXXXXXXXXXXXXXXXXXXXXXXX
; XXXXXXXXXXXXXXXXXXXXXXXXXXXXXXXXXXXXXXXXXXXXXXXXXXXXXXXXXXXX
; XXXXXXXXXXXXXXXXXXXXXXXXXXXXXXXXXXXXXXXXXXXXXXXXXXXXXXXXXXXX
; XXXXXXXXXXXXXXXXXXXXXXXXXXXXXXXXXXXXXXXXXXXXXXXXXXXXXXXXXXXX
; XXXXXXXXXXXXXXXXXXXXXXXXXXXXXXXXXXXXXXXXXXXXXXXXXXXXXXXXXXXX
; XXXXXXXXXXXXXXXXXXXXXXXXXXXXXXXXXXXXXXXXXXXXXXXXXXXXXXXXXXXX
; XXXXXXXXXXXXXXXXXXXXXXXXXXXXXXXXXXXXXXXXXXXXXXXXXXXXXXXXXXXX
; XXXXXXXXXXXXXXXXXXXXXXXXXXXXXXXXXXXXXXXXXXXXXXXXXXXXXXXXXXXX
; XXXXXXXXXXXXXXXXXXXXXXXXXXXXXXXXXXXXXXXXXXXXXXXXXXXXXXXXXXXX
; XXXXXXXXXXXXXXXXXXXXXXXXXXXXXXXXXXXXXXXXXXXXXXXXXXXXXXXXXXXX
; XXXXXXXXXXXXXXXXXXXXXXXXXXXXXXXXXXXXXXXXXXXXXXXXXXXXXXXXXXXX
; XXXXXXXXXXXXXXXXXXXXXXXXXXXXXXXXXXXXXXXXXXXXXXXXXXXXXXXXXXXX
; XXXXXXXXXXXXXXXXXXXXXXXXXXXXXXXXXXXXXXXXXXXXXXXXXXXXXXXXXXXX
; XXXXXXXXXXXXXXXXXXXXXXXXXXXXXXXXXXXXXXXXXXXXXXXXXXXXXXXXXXXX
; XXXXXXXXXXXXXXXXXXXXXXXXXXXXXXXXXXXXXXXXXXXXXXXXXXXXXXXXXXXX
; XXXXXXXXXXXXXXXXXXXXXXXXXXXXXXXXXXXXXXXXXXXXXXXXXXXXXXXXXXXX
; XXXXXXXXXXXXXXXXXXXXXXXXXXXXXXXXXXXXXXXXXXXXXXXXXXXXXXXXXXXX
; XXXXXXXXXXXXXXXXXXXXXXXXXXXXXXXXXXXXXXXXXXXXXXXXXXXXXXXXXXXX
; XXXXXXXXXXXXXXXXXXXXXXXXXXXXXXXXXXXXXXXXXXXXXXXXXXXXXXXXXXXX
; XXXXXXXXXXXXXXXXXXXXXXXXXXXXXXXXXXXXXXXXXXXXXXXXXXXXXXXXXXXX
; XXXXXXXXXXXXXXXXXXXXXXXXXXXXXXXXXXXXXXXXXXXXXXXXXXXXXXXXXXXX
; XXXXXXXXXXXXXXXXXXXXXXXXXXXXXXXXXXXXXXXXXXXXXXXXXXXXXXXXXXXX
; XXXXXXXXXXXXXXXXXXXXXXXXXXXXXXXXXXXXXXXXXXXXXXXXXXXXXXXXXXXX
; XXXXXXXXXXXXXXXXXXXXXXXXXXXXXXXXXXXXXXXXXXXXXXXXXXXXXXXXXXXX
; XXXXXXXXXXXXXXXXXXXXXXXXXXXXXXXXXXXXXXXXXXXXXXXXXXXXXXXXXXXX
; XXXXXXXXXXXXXXXXXXXXXXXXXXXXXXXXXXXXXXXXXXXXXXXXXXXXXXXXXXXX
; XXXXXXXXXXXXXXXXXXXXXXXXXXXXXXXXXXXXXXXXXXXXXXXXXXXXXXXXXXXX
; XXXXXXXXXXXXXXXXXXXXXXXXXXXXXXXXXXXXXXXXXXXXXXXXXXXXXXXXXXXX
; XXXXXXXXXXXXXXXXXXXXXXXXXXXXXXXXXXXXXXXXXXXXXXXXXXXXXXXXXXXX
; XXXXXXXXXXXXXXXXXXXXXXXXXXXXXXXXXXXXXXXXXXXXXXXXXXXXXXXXXXXX
; XXXXXXXXXXXXXXXXXXXXXXXXXXXXXXXXXXXXXXXXXXXXXXXXXXXXXXXXXXXX
; XXXXXXXXXXXXXXXXXXXXXXXXXXXXXXXXXXXXXXXXXXXXXXXXXXXXXXXXXXXX
